[2021-10-17 23:02:17.585] [exthost] [info] extension host started
[2021-10-17 23:02:17.604] [exthost] [info] Lock '/root/.vscode-server/data/User/workspaceStorage/80b76bd4d16e96959e622651e45e424d/vscode.lock': Lock acquired.
[2021-10-17 23:02:18.320] [exthost] [info] ExtensionService#_doActivateExtension vscode.configuration-editing, startup: false, activationEvent: 'onLanguage:json'
[2021-10-17 23:02:18.321] [exthost] [info] ExtensionService#loadCommonJSModule file:///root/.vscode-server/bin/ee8c7def80afc00dd6e593ef12f37756d8f504ea/extensions/configuration-editing/dist/configurationEditingMain
[2021-10-17 23:02:18.342] [exthost] [info] ExtensionService#_doActivateExtension vscode.extension-editing, startup: false, activationEvent: 'onLanguage:json'
[2021-10-17 23:02:18.342] [exthost] [info] ExtensionService#loadCommonJSModule file:///root/.vscode-server/bin/ee8c7def80afc00dd6e593ef12f37756d8f504ea/extensions/extension-editing/dist/extensionEditingMain
[2021-10-17 23:02:18.404] [exthost] [info] ExtensionService#_doActivateExtension vscode.json-language-features, startup: false, activationEvent: 'onLanguage:json'
[2021-10-17 23:02:18.404] [exthost] [info] ExtensionService#loadCommonJSModule file:///root/.vscode-server/bin/ee8c7def80afc00dd6e593ef12f37756d8f504ea/extensions/json-language-features/client/dist/node/jsonClientMain
[2021-10-17 23:02:18.535] [exthost] [info] ExtensionService#_doActivateExtension vscode.npm, startup: false, activationEvent: 'onLanguage:json'
[2021-10-17 23:02:18.535] [exthost] [info] ExtensionService#loadCommonJSModule file:///root/.vscode-server/bin/ee8c7def80afc00dd6e593ef12f37756d8f504ea/extensions/npm/dist/npmMain
[2021-10-17 23:02:18.590] [exthost] [info] ExtensionService#_doActivateExtension vscode.debug-auto-launch, startup: true, activationEvent: '*'
[2021-10-17 23:02:18.591] [exthost] [info] ExtensionService#loadCommonJSModule file:///root/.vscode-server/bin/ee8c7def80afc00dd6e593ef12f37756d8f504ea/extensions/debug-auto-launch/dist/extension
[2021-10-17 23:02:18.599] [exthost] [info] ExtensionService#_doActivateExtension vscode.git, startup: true, activationEvent: '*', root cause: vscode.github
[2021-10-17 23:02:18.600] [exthost] [info] ExtensionService#loadCommonJSModule file:///root/.vscode-server/bin/ee8c7def80afc00dd6e593ef12f37756d8f504ea/extensions/git/dist/main
[2021-10-17 23:02:20.149] [exthost] [info] ExtensionService#_doActivateExtension vscode.github, startup: true, activationEvent: '*'
[2021-10-17 23:02:20.150] [exthost] [info] ExtensionService#loadCommonJSModule file:///root/.vscode-server/bin/ee8c7def80afc00dd6e593ef12f37756d8f504ea/extensions/github/dist/extension.js
[2021-10-17 23:02:20.860] [exthost] [info] ExtensionService#_doActivateExtension vscode.emmet, startup: false, activationEvent: 'onStartupFinished'
[2021-10-17 23:02:20.860] [exthost] [info] ExtensionService#loadCommonJSModule file:///root/.vscode-server/bin/ee8c7def80afc00dd6e593ef12f37756d8f504ea/extensions/emmet/dist/node/emmetNodeMain
[2021-10-17 23:02:20.887] [exthost] [info] ExtensionService#_doActivateExtension vscode.merge-conflict, startup: false, activationEvent: 'onStartupFinished'
[2021-10-17 23:02:20.887] [exthost] [info] ExtensionService#loadCommonJSModule file:///root/.vscode-server/bin/ee8c7def80afc00dd6e593ef12f37756d8f504ea/extensions/merge-conflict/dist/mergeConflictMain
[2021-10-17 23:02:20.893] [exthost] [info] eager extensions activated
[2021-10-17 23:02:20.954] [exthost] [info] ExtensionService#_doActivateExtension ms-vscode.js-debug, startup: false, activationEvent: 'onCommand:extension.js-debug.clearAutoAttachVariables'
[2021-10-17 23:02:20.955] [exthost] [info] ExtensionService#loadCommonJSModule file:///root/.vscode-server/bin/ee8c7def80afc00dd6e593ef12f37756d8f504ea/extensions/ms-vscode.js-debug/src/extension.js
[2021-10-17 23:48:45.448] [exthost] [info] extension host terminating: received terminate message from renderer
[2021-10-17 23:48:45.450] [exthost] [info] Lock '/root/.vscode-server/data/User/workspaceStorage/80b76bd4d16e96959e622651e45e424d/vscode.lock': Marking the lockfile as scheduled to be released in 6000 ms.
[2021-10-17 23:48:46.482] [exthost] [info] exiting with code 0
