

*
* Visual Studio Code Server
*
* Reminder: You may only use this software with Visual Studio family products,
* as described in the license https://aka.ms/vscode-remote/license
*

Extension host agent listening on 37603

[23:02:12] Extension host agent started.
[23:02:13] [127.0.0.1][0d0e836f][ManagementConnection] New connection established.
[23:02:13] [127.0.0.1][b30c2d74][ExtensionHostConnection] New connection established.
[23:02:13] [127.0.0.1][b30c2d74][ExtensionHostConnection] <1902706> Launched Extension Host Process.
rejected promise not handled within 1 second: Error: Could not find pty with id "1"
stack trace: Error: Could not find pty with id "1",    at M._throwIfNoPty (/root/.vscode-server/bin/ee8c7def80afc00dd6e593ef12f37756d8f504ea/out/vs/platform/terminal/node/ptyHostMain.js:17:5468),    at M.updateTitle (/root/.vscode-server/bin/ee8c7def80afc00dd6e593ef12f37756d8f504ea/out/vs/platform/terminal/node/ptyHostMain.js:17:2172),    at Object.call (/root/.vscode-server/bin/ee8c7def80afc00dd6e593ef12f37756d8f504ea/out/vs/platform/terminal/node/ptyHostMain.js:13:8402),    at f.onPromise (/root/.vscode-server/bin/ee8c7def80afc00dd6e593ef12f37756d8f504ea/out/vs/platform/terminal/node/ptyHostMain.js:12:4940),    at f.onRawMessage (/root/.vscode-server/bin/ee8c7def80afc00dd6e593ef12f37756d8f504ea/out/vs/platform/terminal/node/ptyHostMain.js:12:4299),    at /root/.vscode-server/bin/ee8c7def80afc00dd6e593ef12f37756d8f504ea/out/vs/platform/terminal/node/ptyHostMain.js:12:3552,    at D.fire (/root/.vscode-server/bin/ee8c7def80afc00dd6e593ef12f37756d8f504ea/out/vs/platform/terminal/node/ptyHostMain.js:8:1712),    at process.S (/root/.vscode-server/bin/ee8c7def80afc00dd6e593ef12f37756d8f504ea/out/vs/platform/terminal/node/ptyHostMain.js:6:32863),    at process.emit (events.js:315:20),    at emit (internal/child_process.js:903:12),    at processTicksAndRejections (internal/process/task_queues.js:81:21)
[Error: Could not find pty with id "1",    at M._throwIfNoPty (/root/.vscode-server/bin/ee8c7def80afc00dd6e593ef12f37756d8f504ea/out/vs/platform/terminal/node/ptyHostMain.js:17:5468),    at M.updateTitle (/root/.vscode-server/bin/ee8c7def80afc00dd6e593ef12f37756d8f504ea/out/vs/platform/terminal/node/ptyHostMain.js:17:2172),    at Object.call (/root/.vscode-server/bin/ee8c7def80afc00dd6e593ef12f37756d8f504ea/out/vs/platform/terminal/node/ptyHostMain.js:13:8402),    at f.onPromise (/root/.vscode-server/bin/ee8c7def80afc00dd6e593ef12f37756d8f504ea/out/vs/platform/terminal/node/ptyHostMain.js:12:4940),    at f.onRawMessage (/root/.vscode-server/bin/ee8c7def80afc00dd6e593ef12f37756d8f504ea/out/vs/platform/terminal/node/ptyHostMain.js:12:4299),    at /root/.vscode-server/bin/ee8c7def80afc00dd6e593ef12f37756d8f504ea/out/vs/platform/terminal/node/ptyHostMain.js:12:3552,    at D.fire (/root/.vscode-server/bin/ee8c7def80afc00dd6e593ef12f37756d8f504ea/out/vs/platform/terminal/node/ptyHostMain.js:8:1712),    at process.S (/root/.vscode-server/bin/ee8c7def80afc00dd6e593ef12f37756d8f504ea/out/vs/platform/terminal/node/ptyHostMain.js:6:32863),    at process.emit (events.js:315:20),    at emit (internal/child_process.js:903:12),    at processTicksAndRejections (internal/process/task_queues.js:81:21)]
rejected promise not handled within 1 second: Error: Could not find pty with id "1"
stack trace: Error: Could not find pty with id "1",    at M._throwIfNoPty (/root/.vscode-server/bin/ee8c7def80afc00dd6e593ef12f37756d8f504ea/out/vs/platform/terminal/node/ptyHostMain.js:17:5468),    at M.updateIcon (/root/.vscode-server/bin/ee8c7def80afc00dd6e593ef12f37756d8f504ea/out/vs/platform/terminal/node/ptyHostMain.js:17:2232),    at Object.call (/root/.vscode-server/bin/ee8c7def80afc00dd6e593ef12f37756d8f504ea/out/vs/platform/terminal/node/ptyHostMain.js:13:8402),    at f.onPromise (/root/.vscode-server/bin/ee8c7def80afc00dd6e593ef12f37756d8f504ea/out/vs/platform/terminal/node/ptyHostMain.js:12:4940),    at f.onRawMessage (/root/.vscode-server/bin/ee8c7def80afc00dd6e593ef12f37756d8f504ea/out/vs/platform/terminal/node/ptyHostMain.js:12:4299),    at /root/.vscode-server/bin/ee8c7def80afc00dd6e593ef12f37756d8f504ea/out/vs/platform/terminal/node/ptyHostMain.js:12:3552,    at D.fire (/root/.vscode-server/bin/ee8c7def80afc00dd6e593ef12f37756d8f504ea/out/vs/platform/terminal/node/ptyHostMain.js:8:1712),    at process.S (/root/.vscode-server/bin/ee8c7def80afc00dd6e593ef12f37756d8f504ea/out/vs/platform/terminal/node/ptyHostMain.js:6:32863),    at process.emit (events.js:315:20),    at emit (internal/child_process.js:903:12),    at processTicksAndRejections (internal/process/task_queues.js:81:21)
[Error: Could not find pty with id "1",    at M._throwIfNoPty (/root/.vscode-server/bin/ee8c7def80afc00dd6e593ef12f37756d8f504ea/out/vs/platform/terminal/node/ptyHostMain.js:17:5468),    at M.updateIcon (/root/.vscode-server/bin/ee8c7def80afc00dd6e593ef12f37756d8f504ea/out/vs/platform/terminal/node/ptyHostMain.js:17:2232),    at Object.call (/root/.vscode-server/bin/ee8c7def80afc00dd6e593ef12f37756d8f504ea/out/vs/platform/terminal/node/ptyHostMain.js:13:8402),    at f.onPromise (/root/.vscode-server/bin/ee8c7def80afc00dd6e593ef12f37756d8f504ea/out/vs/platform/terminal/node/ptyHostMain.js:12:4940),    at f.onRawMessage (/root/.vscode-server/bin/ee8c7def80afc00dd6e593ef12f37756d8f504ea/out/vs/platform/terminal/node/ptyHostMain.js:12:4299),    at /root/.vscode-server/bin/ee8c7def80afc00dd6e593ef12f37756d8f504ea/out/vs/platform/terminal/node/ptyHostMain.js:12:3552,    at D.fire (/root/.vscode-server/bin/ee8c7def80afc00dd6e593ef12f37756d8f504ea/out/vs/platform/terminal/node/ptyHostMain.js:8:1712),    at process.S (/root/.vscode-server/bin/ee8c7def80afc00dd6e593ef12f37756d8f504ea/out/vs/platform/terminal/node/ptyHostMain.js:6:32863),    at process.emit (events.js:315:20),    at emit (internal/child_process.js:903:12),    at processTicksAndRejections (internal/process/task_queues.js:81:21)]
[23:48:45] [127.0.0.1][0d0e836f][ManagementConnection] The client has disconnected gracefully, so the connection will be disposed.
[23:48:46] [127.0.0.1][b30c2d74][ExtensionHostConnection] <1902706> Extension Host Process exited with code: 0, signal: null.
Last EH closed, waiting before shutting down
[23:48:46] Last EH closed, waiting before shutting down
Last EH closed, shutting down
[23:53:46] Last EH closed, shutting down
